<?xml version="1.0" encoding="UTF-8"?>
<!-- Generated by org.testng.reporters.JUnitReportReporter -->
<testsuite hostname="LAPTOP-59FR3IBJ" failures="0" tests="1" name="com.Test.TC_002" time="6.086" errors="0" timestamp="2022-08-21T16:04:12 IST" skipped="0">
  <testcase classname="com.Test.TC_002" name="Verify_TestLogin_validCredential" time="6.086"/>
  <system-out/>
</testsuite> <!-- com.Test.TC_002 -->
