<?xml version="1.0" encoding="UTF-8"?>
<!-- Generated by org.testng.reporters.JUnitReportReporter -->
<testsuite hostname="LAPTOP-59FR3IBJ" failures="0" tests="1" name="com.Test.TC_001" time="6.017" errors="0" timestamp="2022-08-21T13:14:48 IST" skipped="0">
  <testcase classname="com.Test.TC_001" name="Verify_TestLogin_validCredential" time="6.017"/>
  <system-out/>
</testsuite> <!-- com.Test.TC_001 -->
